{"/Users/bav/Documents/coursework/week_07/day_03/car_lab/car.js": {"path":"/Users/bav/Documents/coursework/week_07/day_03/car_lab/car.js","statementMap":{"0":{"start":{"line":1,"column":12},"end":{"line":6,"column":1}},"1":{"start":{"line":2,"column":4},"end":{"line":2,"column":37}},"2":{"start":{"line":3,"column":4},"end":{"line":3,"column":23}},"3":{"start":{"line":4,"column":4},"end":{"line":4,"column":23}},"4":{"start":{"line":5,"column":4},"end":{"line":5,"column":25}},"5":{"start":{"line":8,"column":0},"end":{"line":8,"column":23}}},"fnMap":{"0":{"name":"(anonymous_0)","decl":{"start":{"line":1,"column":12},"end":{"line":1,"column":13}},"loc":{"start":{"line":1,"column":56},"end":{"line":6,"column":1}},"line":1}},"branchMap":{},"s":{"0":3,"1":178,"2":178,"3":178,"4":178,"5":3},"f":{"0":178},"b":{},"_coverageSchema":"1a1c01bbd47fc00a2c39e90264f33305004495a9","hash":"45eda899d8b8ea53249aff8201baeeb968661c77"}
,"/Users/bav/Documents/coursework/week_07/day_03/car_lab/customer.js": {"path":"/Users/bav/Documents/coursework/week_07/day_03/car_lab/customer.js","statementMap":{"0":{"start":{"line":1,"column":12},"end":{"line":1,"column":28}},"1":{"start":{"line":2,"column":19},"end":{"line":2,"column":42}},"2":{"start":{"line":4,"column":17},"end":{"line":8,"column":1}},"3":{"start":{"line":5,"column":4},"end":{"line":5,"column":21}},"4":{"start":{"line":6,"column":4},"end":{"line":6,"column":25}},"5":{"start":{"line":7,"column":4},"end":{"line":7,"column":20}},"6":{"start":{"line":10,"column":0},"end":{"line":22,"column":1}},"7":{"start":{"line":11,"column":23},"end":{"line":11,"column":74}},"8":{"start":{"line":12,"column":4},"end":{"line":20,"column":5}},"9":{"start":{"line":13,"column":8},"end":{"line":15,"column":9}},"10":{"start":{"line":14,"column":12},"end":{"line":14,"column":35}},"11":{"start":{"line":16,"column":8},"end":{"line":16,"column":30}},"12":{"start":{"line":17,"column":8},"end":{"line":17,"column":59}},"13":{"start":{"line":18,"column":8},"end":{"line":18,"column":41}},"14":{"start":{"line":19,"column":8},"end":{"line":19,"column":24}},"15":{"start":{"line":21,"column":4},"end":{"line":21,"column":32}},"16":{"start":{"line":24,"column":0},"end":{"line":24,"column":28}}},"fnMap":{"0":{"name":"(anonymous_0)","decl":{"start":{"line":4,"column":17},"end":{"line":4,"column":18}},"loc":{"start":{"line":4,"column":40},"end":{"line":8,"column":1}},"line":4},"1":{"name":"(anonymous_1)","decl":{"start":{"line":10,"column":28},"end":{"line":10,"column":29}},"loc":{"start":{"line":10,"column":63},"end":{"line":22,"column":1}},"line":10}},"branchMap":{"0":{"loc":{"start":{"line":12,"column":4},"end":{"line":20,"column":5}},"type":"if","locations":[{"start":{"line":12,"column":4},"end":{"line":20,"column":5}},{"start":{},"end":{}}],"line":12},"1":{"loc":{"start":{"line":13,"column":8},"end":{"line":15,"column":9}},"type":"if","locations":[{"start":{"line":13,"column":8},"end":{"line":15,"column":9}},{"start":{},"end":{}}],"line":13}},"s":{"0":2,"1":2,"2":2,"3":5,"4":5,"5":5,"6":2,"7":5,"8":5,"9":4,"10":1,"11":3,"12":3,"13":3,"14":3,"15":1,"16":2},"f":{"0":5,"1":5},"b":{"0":[4,1],"1":[1,3]},"_coverageSchema":"1a1c01bbd47fc00a2c39e90264f33305004495a9","hash":"c22dac61d4825f6ed801c33d3dc686e597d92ae9"}
,"/Users/bav/Documents/coursework/week_07/day_03/car_lab/dealership.js": {"path":"/Users/bav/Documents/coursework/week_07/day_03/car_lab/dealership.js","statementMap":{"0":{"start":{"line":1,"column":12},"end":{"line":1,"column":28}},"1":{"start":{"line":2,"column":17},"end":{"line":2,"column":38}},"2":{"start":{"line":4,"column":19},"end":{"line":8,"column":1}},"3":{"start":{"line":5,"column":4},"end":{"line":5,"column":21}},"4":{"start":{"line":6,"column":4},"end":{"line":6,"column":35}},"5":{"start":{"line":7,"column":4},"end":{"line":7,"column":23}},"6":{"start":{"line":10,"column":0},"end":{"line":12,"column":1}},"7":{"start":{"line":11,"column":4},"end":{"line":11,"column":29}},"8":{"start":{"line":14,"column":0},"end":{"line":20,"column":1}},"9":{"start":{"line":15,"column":4},"end":{"line":18,"column":5}},"10":{"start":{"line":16,"column":8},"end":{"line":16,"column":29}},"11":{"start":{"line":17,"column":8},"end":{"line":17,"column":15}},"12":{"start":{"line":19,"column":4},"end":{"line":19,"column":29}},"13":{"start":{"line":22,"column":0},"end":{"line":24,"column":1}},"14":{"start":{"line":23,"column":4},"end":{"line":23,"column":53}},"15":{"start":{"line":23,"column":35},"end":{"line":23,"column":51}},"16":{"start":{"line":27,"column":0},"end":{"line":31,"column":1}},"17":{"start":{"line":28,"column":4},"end":{"line":30,"column":7}},"18":{"start":{"line":29,"column":8},"end":{"line":29,"column":46}},"19":{"start":{"line":33,"column":0},"end":{"line":35,"column":1}},"20":{"start":{"line":34,"column":4},"end":{"line":34,"column":79}},"21":{"start":{"line":34,"column":51},"end":{"line":34,"column":74}},"22":{"start":{"line":37,"column":0},"end":{"line":43,"column":1}},"23":{"start":{"line":38,"column":21},"end":{"line":40,"column":6}},"24":{"start":{"line":39,"column":8},"end":{"line":39,"column":41}},"25":{"start":{"line":41,"column":4},"end":{"line":41,"column":26}},"26":{"start":{"line":42,"column":4},"end":{"line":42,"column":22}},"27":{"start":{"line":45,"column":0},"end":{"line":45,"column":30}}},"fnMap":{"0":{"name":"(anonymous_0)","decl":{"start":{"line":4,"column":19},"end":{"line":4,"column":20}},"loc":{"start":{"line":4,"column":54},"end":{"line":8,"column":1}},"line":4},"1":{"name":"(anonymous_1)","decl":{"start":{"line":10,"column":33},"end":{"line":10,"column":34}},"loc":{"start":{"line":10,"column":44},"end":{"line":12,"column":1}},"line":10},"2":{"name":"(anonymous_2)","decl":{"start":{"line":14,"column":37},"end":{"line":14,"column":38}},"loc":{"start":{"line":14,"column":51},"end":{"line":20,"column":1}},"line":14},"3":{"name":"(anonymous_3)","decl":{"start":{"line":22,"column":46},"end":{"line":22,"column":47}},"loc":{"start":{"line":22,"column":57},"end":{"line":24,"column":1}},"line":22},"4":{"name":"(anonymous_4)","decl":{"start":{"line":23,"column":26},"end":{"line":23,"column":27}},"loc":{"start":{"line":23,"column":35},"end":{"line":23,"column":51}},"line":23},"5":{"name":"(anonymous_5)","decl":{"start":{"line":27,"column":41},"end":{"line":27,"column":42}},"loc":{"start":{"line":27,"column":74},"end":{"line":31,"column":1}},"line":27},"6":{"name":"(anonymous_6)","decl":{"start":{"line":28,"column":29},"end":{"line":28,"column":30}},"loc":{"start":{"line":28,"column":38},"end":{"line":30,"column":5}},"line":28},"7":{"name":"(anonymous_7)","decl":{"start":{"line":33,"column":39},"end":{"line":33,"column":40}},"loc":{"start":{"line":33,"column":50},"end":{"line":35,"column":1}},"line":33},"8":{"name":"(anonymous_8)","decl":{"start":{"line":34,"column":29},"end":{"line":34,"column":30}},"loc":{"start":{"line":34,"column":51},"end":{"line":34,"column":74}},"line":34},"9":{"name":"(anonymous_9)","decl":{"start":{"line":37,"column":31},"end":{"line":37,"column":32}},"loc":{"start":{"line":37,"column":54},"end":{"line":43,"column":1}},"line":37},"10":{"name":"(anonymous_10)","decl":{"start":{"line":38,"column":39},"end":{"line":38,"column":40}},"loc":{"start":{"line":38,"column":48},"end":{"line":40,"column":5}},"line":38}},"branchMap":{"0":{"loc":{"start":{"line":15,"column":4},"end":{"line":18,"column":5}},"type":"if","locations":[{"start":{"line":15,"column":4},"end":{"line":18,"column":5}},{"start":{},"end":{}}],"line":15}},"s":{"0":2,"1":2,"2":2,"3":15,"4":15,"5":15,"6":2,"7":2,"8":2,"9":6,"10":5,"11":5,"12":1,"13":2,"14":1,"15":7,"16":2,"17":9,"18":66,"19":2,"20":1,"21":7,"22":2,"23":4,"24":28,"25":4,"26":4,"27":2},"f":{"0":15,"1":2,"2":6,"3":1,"4":7,"5":9,"6":66,"7":1,"8":7,"9":4,"10":28},"b":{"0":[5,1]},"_coverageSchema":"1a1c01bbd47fc00a2c39e90264f33305004495a9","hash":"42d9d925d745ebecf8895f9a0aa5eeea0c6d5df9"}
}
