TN:
SF:car.js
FN:1,(anonymous_0)
FNF:1
FNH:1
FNDA:178,(anonymous_0)
DA:1,3
DA:2,178
DA:3,178
DA:4,178
DA:5,178
DA:8,3
LF:6
LH:6
BRF:0
BRH:0
end_of_record
TN:
SF:customer.js
FN:4,(anonymous_0)
FN:10,(anonymous_1)
FNF:2
FNH:2
FNDA:5,(anonymous_0)
FNDA:5,(anonymous_1)
DA:1,2
DA:2,2
DA:4,2
DA:5,5
DA:6,5
DA:7,5
DA:10,2
DA:11,5
DA:12,5
DA:13,4
DA:14,1
DA:16,3
DA:17,3
DA:18,3
DA:19,3
DA:21,1
DA:24,2
LF:17
LH:17
BRDA:12,0,0,4
BRDA:12,0,1,1
BRDA:13,1,0,1
BRDA:13,1,1,3
BRF:4
BRH:4
end_of_record
TN:
SF:dealership.js
FN:4,(anonymous_0)
FN:10,(anonymous_1)
FN:14,(anonymous_2)
FN:22,(anonymous_3)
FN:23,(anonymous_4)
FN:27,(anonymous_5)
FN:28,(anonymous_6)
FN:33,(anonymous_7)
FN:34,(anonymous_8)
FN:37,(anonymous_9)
FN:38,(anonymous_10)
FNF:11
FNH:11
FNDA:15,(anonymous_0)
FNDA:2,(anonymous_1)
FNDA:6,(anonymous_2)
FNDA:1,(anonymous_3)
FNDA:7,(anonymous_4)
FNDA:9,(anonymous_5)
FNDA:66,(anonymous_6)
FNDA:1,(anonymous_7)
FNDA:7,(anonymous_8)
FNDA:4,(anonymous_9)
FNDA:28,(anonymous_10)
DA:1,2
DA:2,2
DA:4,2
DA:5,15
DA:6,15
DA:7,15
DA:10,2
DA:11,2
DA:14,2
DA:15,6
DA:16,5
DA:17,5
DA:19,1
DA:22,2
DA:23,7
DA:27,2
DA:28,9
DA:29,66
DA:33,2
DA:34,7
DA:37,2
DA:38,4
DA:39,28
DA:41,4
DA:42,4
DA:45,2
LF:26
LH:26
BRDA:15,0,0,5
BRDA:15,0,1,1
BRF:2
BRH:2
end_of_record
